<html>
<head>
<title>TestNG:  OpenAccounttest</title>
<link href="../testng.css" rel="stylesheet" type="text/css" />
<link href="../my-testng.css" rel="stylesheet" type="text/css" />

<style type="text/css">
.log { display: none;} 
.stack-trace { display: none;} 
</style>
<script type="text/javascript">
<!--
function flip(e) {
  current = e.style.display;
  if (current == 'block') {
    e.style.display = 'none';
    return 0;
  }
  else {
    e.style.display = 'block';
    return 1;
  }
}

function toggleBox(szDivId, elem, msg1, msg2)
{
  var res = -1;  if (document.getElementById) {
    res = flip(document.getElementById(szDivId));
  }
  else if (document.all) {
    // this is the way old msie versions work
    res = flip(document.all[szDivId]);
  }
  if(elem) {
    if(res == 0) elem.innerHTML = msg1; else elem.innerHTML = msg2;
  }

}

function toggleAllBoxes() {
  if (document.getElementsByTagName) {
    d = document.getElementsByTagName('div');
    for (i = 0; i < d.length; i++) {
      if (d[i].className == 'log') {
        flip(d[i]);
      }
    }
  }
}

// -->
</script>

</head>
<body>
<h2 align='center'>OpenAccounttest</h2><table border='1' align="center">
<tr>
<td>Tests passed/Failed/Skipped:</td><td>2/0/2</td>
</tr><tr>
<td>Started on:</td><td>Mon Dec 16 21:27:23 IST 2019</td>
</tr>
<tr><td>Total time:</td><td>0 seconds (127 ms)</td>
</tr><tr>
<td>Included groups:</td><td></td>
</tr><tr>
<td>Excluded groups:</td><td></td>
</tr>
</table><p/>
<small><i>(Hover the method name to see the test class name)</i></small><p/>
<table width='100%' border='1' class='invocation-passed'>
<tr><td colspan='4' align='center'><b>PASSED TESTS</b></td></tr>
<tr><td><b>Test method</b></td>
<td width="30%"><b>Exception</b></td>
<td width="10%"><b>Time (seconds)</b></td>
<td><b>Instance</b></td>
</tr>
<tr>
<td title='com.w2a.suite.bankManager.testCases.AddCustomerTest.addCustomerTest()'><b>addCustomerTest</b><br>Test class: com.w2a.suite.bankManager.testCases.AddCustomerTest<br>Parameters: {postcode=P6767, Runmode=Y, lastname=k, firstname=manish}</td>
<td></td>
<td>0</td>
<td>com.w2a.suite.bankManager.testCases.AddCustomerTest@394e1a0f</td></tr>
<tr>
<td title='com.w2a.suite.bankManager.testCases.AddCustomerTest.addCustomerTest()'><b>addCustomerTest</b><br>Test class: com.w2a.suite.bankManager.testCases.AddCustomerTest<br>Parameters: {postcode=X7878, Runmode=Y, lastname=k, firstname=jyoti}</td>
<td></td>
<td>0</td>
<td>com.w2a.suite.bankManager.testCases.AddCustomerTest@394e1a0f</td></tr>
<tr>
<td title='com.w2a.suite.bankManager.testCases.AddCustomerTest.addCustomerTest()'><b>addCustomerTest</b><br>Test class: com.w2a.suite.bankManager.testCases.AddCustomerTest<br>Parameters: {postcode=P6767, Runmode=Y, lastname=k, firstname=manish}</td>
<td></td>
<td>0</td>
<td>com.w2a.suite.bankManager.testCases.AddCustomerTest@394e1a0f</td></tr>
<tr>
<td title='com.w2a.suite.bankManager.testCases.AddCustomerTest.addCustomerTest()'><b>addCustomerTest</b><br>Test class: com.w2a.suite.bankManager.testCases.AddCustomerTest<br>Parameters: {postcode=X7878, Runmode=Y, lastname=k, firstname=jyoti}</td>
<td></td>
<td>0</td>
<td>com.w2a.suite.bankManager.testCases.AddCustomerTest@394e1a0f</td></tr>
<tr>
<td title='com.w2a.suite.bankManager.testCases.OpenAccountTest.openAccountTest()'><b>openAccountTest</b><br>Test class: com.w2a.suite.bankManager.testCases.OpenAccountTest<br>Parameters: {currency=Rupee, Runmode=Y, customer=manish k}</td>
<td></td>
<td>0</td>
<td>com.w2a.suite.bankManager.testCases.OpenAccountTest@1563da5</td></tr>
<tr>
<td title='com.w2a.suite.bankManager.testCases.OpenAccountTest.openAccountTest()'><b>openAccountTest</b><br>Test class: com.w2a.suite.bankManager.testCases.OpenAccountTest<br>Parameters: {currency=Rupee, Runmode=Y, customer=manish k}</td>
<td></td>
<td>0</td>
<td>com.w2a.suite.bankManager.testCases.OpenAccountTest@1563da5</td></tr>
</table><p>
<table width='100%' border='1' class='invocation-skipped'>
<tr><td colspan='4' align='center'><b>SKIPPED TESTS</b></td></tr>
<tr><td><b>Test method</b></td>
<td width="30%"><b>Exception</b></td>
<td width="10%"><b>Time (seconds)</b></td>
<td><b>Instance</b></td>
</tr>
<tr>
<td title='com.w2a.suite.bankManager.testCases.OpenAccountTest.openAccountTest()'><b>openAccountTest</b><br>Test class: com.w2a.suite.bankManager.testCases.OpenAccountTest<br>Parameters: {currency=Dollar, Runmode=N, customer=jyoti k}</td>
<td><div><pre>org.testng.SkipException: Skipping the test : OpenAccountTest as the Runmode of DataSet is No.
	at com.w2a.utilities.DataUtil.checkExecution(DataUtil.java:20)
	at com.w2a.suite.bankManager.testCases.OpenAccountTest.openAccountTest(OpenAccountTest.java:19)
	at java.util.ArrayList.forEach(ArrayList.java:1257)
... Removed 28 stack frames</pre></div><a href='#' onClick='toggleBox("stack-trace1225038340", this, "Click to show all stack frames", "Click to hide stack frames")'>Click to show all stack frames</a>
<div class='stack-trace' id='stack-trace1225038340'><pre>org.testng.SkipException: Skipping the test : OpenAccountTest as the Runmode of DataSet is No.
	at com.w2a.utilities.DataUtil.checkExecution(DataUtil.java:20)
	at com.w2a.suite.bankManager.testCases.OpenAccountTest.openAccountTest(OpenAccountTest.java:19)
	at sun.reflect.NativeMethodAccessorImpl.invoke0(Native Method)
	at sun.reflect.NativeMethodAccessorImpl.invoke(NativeMethodAccessorImpl.java:62)
	at sun.reflect.DelegatingMethodAccessorImpl.invoke(DelegatingMethodAccessorImpl.java:43)
	at java.lang.reflect.Method.invoke(Method.java:498)
	at org.testng.internal.MethodInvocationHelper.invokeMethod(MethodInvocationHelper.java:133)
	at org.testng.internal.TestInvoker.invokeMethod(TestInvoker.java:584)
	at org.testng.internal.TestInvoker.invokeTestMethod(TestInvoker.java:172)
	at org.testng.internal.MethodRunner.runInSequence(MethodRunner.java:46)
	at org.testng.internal.TestInvoker$MethodInvocationAgent.invoke(TestInvoker.java:804)
	at org.testng.internal.TestInvoker.invokeTestMethods(TestInvoker.java:145)
	at org.testng.internal.TestMethodWorker.invokeTestMethods(TestMethodWorker.java:146)
	at org.testng.internal.TestMethodWorker.run(TestMethodWorker.java:128)
	at java.util.ArrayList.forEach(ArrayList.java:1257)
	at org.testng.TestRunner.privateRun(TestRunner.java:770)
	at org.testng.TestRunner.run(TestRunner.java:591)
	at org.testng.SuiteRunner.runTest(SuiteRunner.java:402)
	at org.testng.SuiteRunner.runSequentially(SuiteRunner.java:396)
	at org.testng.SuiteRunner.privateRun(SuiteRunner.java:355)
	at org.testng.SuiteRunner.run(SuiteRunner.java:304)
	at org.testng.SuiteRunnerWorker.runSuite(SuiteRunnerWorker.java:53)
	at org.testng.SuiteRunnerWorker.run(SuiteRunnerWorker.java:96)
	at org.testng.TestNG.runSuitesSequentially(TestNG.java:1180)
	at org.testng.TestNG.runSuitesSequentially(TestNG.java:1175)
	at org.testng.TestNG.runSuitesLocally(TestNG.java:1102)
	at org.testng.TestNG.runSuites(TestNG.java:1032)
	at org.testng.TestNG.run(TestNG.java:1000)
	at org.testng.remote.AbstractRemoteTestNG.run(AbstractRemoteTestNG.java:115)
	at org.testng.remote.RemoteTestNG.initAndRun(RemoteTestNG.java:251)
	at org.testng.remote.RemoteTestNG.main(RemoteTestNG.java:77)
</pre></div></td>
<td>0</td>
<td>com.w2a.suite.bankManager.testCases.OpenAccountTest@1563da5</td></tr>
<tr>
<td title='com.w2a.suite.bankManager.testCases.OpenAccountTest.openAccountTest()'><b>openAccountTest</b><br>Test class: com.w2a.suite.bankManager.testCases.OpenAccountTest<br>Parameters: {currency=Dollar, Runmode=N, customer=jyoti k}</td>
<td><div><pre>org.testng.SkipException: Skipping the test : OpenAccountTest as the Runmode of DataSet is No.
	at com.w2a.utilities.DataUtil.checkExecution(DataUtil.java:20)
	at com.w2a.suite.bankManager.testCases.OpenAccountTest.openAccountTest(OpenAccountTest.java:19)
	at java.util.ArrayList.forEach(ArrayList.java:1257)
... Removed 28 stack frames</pre></div><a href='#' onClick='toggleBox("stack-trace760357227", this, "Click to show all stack frames", "Click to hide stack frames")'>Click to show all stack frames</a>
<div class='stack-trace' id='stack-trace760357227'><pre>org.testng.SkipException: Skipping the test : OpenAccountTest as the Runmode of DataSet is No.
	at com.w2a.utilities.DataUtil.checkExecution(DataUtil.java:20)
	at com.w2a.suite.bankManager.testCases.OpenAccountTest.openAccountTest(OpenAccountTest.java:19)
	at sun.reflect.NativeMethodAccessorImpl.invoke0(Native Method)
	at sun.reflect.NativeMethodAccessorImpl.invoke(NativeMethodAccessorImpl.java:62)
	at sun.reflect.DelegatingMethodAccessorImpl.invoke(DelegatingMethodAccessorImpl.java:43)
	at java.lang.reflect.Method.invoke(Method.java:498)
	at org.testng.internal.MethodInvocationHelper.invokeMethod(MethodInvocationHelper.java:133)
	at org.testng.internal.TestInvoker.invokeMethod(TestInvoker.java:584)
	at org.testng.internal.TestInvoker.invokeTestMethod(TestInvoker.java:172)
	at org.testng.internal.MethodRunner.runInSequence(MethodRunner.java:46)
	at org.testng.internal.TestInvoker$MethodInvocationAgent.invoke(TestInvoker.java:804)
	at org.testng.internal.TestInvoker.invokeTestMethods(TestInvoker.java:145)
	at org.testng.internal.TestMethodWorker.invokeTestMethods(TestMethodWorker.java:146)
	at org.testng.internal.TestMethodWorker.run(TestMethodWorker.java:128)
	at java.util.ArrayList.forEach(ArrayList.java:1257)
	at org.testng.TestRunner.privateRun(TestRunner.java:770)
	at org.testng.TestRunner.run(TestRunner.java:591)
	at org.testng.SuiteRunner.runTest(SuiteRunner.java:402)
	at org.testng.SuiteRunner.runSequentially(SuiteRunner.java:396)
	at org.testng.SuiteRunner.privateRun(SuiteRunner.java:355)
	at org.testng.SuiteRunner.run(SuiteRunner.java:304)
	at org.testng.SuiteRunnerWorker.runSuite(SuiteRunnerWorker.java:53)
	at org.testng.SuiteRunnerWorker.run(SuiteRunnerWorker.java:96)
	at org.testng.TestNG.runSuitesSequentially(TestNG.java:1180)
	at org.testng.TestNG.runSuitesSequentially(TestNG.java:1175)
	at org.testng.TestNG.runSuitesLocally(TestNG.java:1102)
	at org.testng.TestNG.runSuites(TestNG.java:1032)
	at org.testng.TestNG.run(TestNG.java:1000)
	at org.testng.remote.AbstractRemoteTestNG.run(AbstractRemoteTestNG.java:115)
	at org.testng.remote.RemoteTestNG.initAndRun(RemoteTestNG.java:251)
	at org.testng.remote.RemoteTestNG.main(RemoteTestNG.java:77)
</pre></div></td>
<td>0</td>
<td>com.w2a.suite.bankManager.testCases.OpenAccountTest@1563da5</td></tr>
</table><p>
</body>
</html>