<?xml version="1.0" encoding="UTF-8"?>
<testng-results skipped="4" failed="0" ignored="0" total="12" passed="8">
  <reporter-output>
  </reporter-output>
  <suite name="BankManagerSuite" duration-ms="676" started-at="2019-12-16T21:27:23 IST" finished-at="2019-12-16T21:27:23 IST">
    <groups>
    </groups>
    <test name="AddCustomertest" duration-ms="516" started-at="2019-12-16T21:27:23 IST" finished-at="2019-12-16T21:27:23 IST">
      <class name="com.w2a.suite.bankManager.testCases.AddCustomerTest">
        <test-method status="PASS" signature="addCustomerTest(java.util.Hashtable)[pri:0, instance:com.w2a.suite.bankManager.testCases.AddCustomerTest@394e1a0f]" name="addCustomerTest" duration-ms="42" started-at="2019-12-16T21:27:23 IST" data-provider="bankManagerDP" finished-at="2019-12-16T21:27:23 IST">
          <params>
            <param index="0">
              <value>
                <![CDATA[{postcode=P6767, Runmode=Y, lastname=k, firstname=manish}]]>
              </value>
            </param>
          </params>
          <reporter-output>
          </reporter-output>
        </test-method> <!-- addCustomerTest -->
        <test-method status="PASS" signature="addCustomerTest(java.util.Hashtable)[pri:0, instance:com.w2a.suite.bankManager.testCases.AddCustomerTest@394e1a0f]" name="addCustomerTest" duration-ms="34" started-at="2019-12-16T21:27:23 IST" data-provider="bankManagerDP" finished-at="2019-12-16T21:27:23 IST">
          <params>
            <param index="0">
              <value>
                <![CDATA[{postcode=X7878, Runmode=Y, lastname=k, firstname=jyoti}]]>
              </value>
            </param>
          </params>
          <reporter-output>
          </reporter-output>
        </test-method> <!-- addCustomerTest -->
        <test-method status="PASS" signature="addCustomerTest(java.util.Hashtable)[pri:0, instance:com.w2a.suite.bankManager.testCases.AddCustomerTest@394e1a0f]" name="addCustomerTest" duration-ms="28" started-at="2019-12-16T21:27:23 IST" data-provider="bankManagerDP" finished-at="2019-12-16T21:27:23 IST">
          <params>
            <param index="0">
              <value>
                <![CDATA[{postcode=P6767, Runmode=Y, lastname=k, firstname=manish}]]>
              </value>
            </param>
          </params>
          <reporter-output>
          </reporter-output>
        </test-method> <!-- addCustomerTest -->
        <test-method status="PASS" signature="addCustomerTest(java.util.Hashtable)[pri:0, instance:com.w2a.suite.bankManager.testCases.AddCustomerTest@394e1a0f]" name="addCustomerTest" duration-ms="28" started-at="2019-12-16T21:27:23 IST" data-provider="bankManagerDP" finished-at="2019-12-16T21:27:23 IST">
          <params>
            <param index="0">
              <value>
                <![CDATA[{postcode=X7878, Runmode=Y, lastname=k, firstname=jyoti}]]>
              </value>
            </param>
          </params>
          <reporter-output>
          </reporter-output>
        </test-method> <!-- addCustomerTest -->
      </class> <!-- com.w2a.suite.bankManager.testCases.AddCustomerTest -->
    </test> <!-- AddCustomertest -->
    <test name="OpenAccounttest" duration-ms="127" started-at="2019-12-16T21:27:23 IST" finished-at="2019-12-16T21:27:23 IST">
      <class name="com.w2a.suite.bankManager.testCases.OpenAccountTest">
        <test-method status="PASS" signature="openAccountTest(java.util.Hashtable)[pri:0, instance:com.w2a.suite.bankManager.testCases.OpenAccountTest@1563da5]" name="openAccountTest" duration-ms="25" started-at="2019-12-16T21:27:23 IST" data-provider="bankManagerDP" finished-at="2019-12-16T21:27:23 IST">
          <params>
            <param index="0">
              <value>
                <![CDATA[{currency=Rupee, Runmode=Y, customer=manish k}]]>
              </value>
            </param>
          </params>
          <reporter-output>
          </reporter-output>
        </test-method> <!-- openAccountTest -->
        <test-method status="SKIP" signature="openAccountTest(java.util.Hashtable)[pri:0, instance:com.w2a.suite.bankManager.testCases.OpenAccountTest@1563da5]" name="openAccountTest" duration-ms="23" started-at="2019-12-16T21:27:23 IST" data-provider="bankManagerDP" finished-at="2019-12-16T21:27:23 IST">
          <params>
            <param index="0">
              <value>
                <![CDATA[{currency=Dollar, Runmode=N, customer=jyoti k}]]>
              </value>
            </param>
          </params>
          <exception class="org.testng.SkipException">
            <message>
              <![CDATA[Skipping the test : OpenAccountTest as the Runmode of DataSet is No.]]>
            </message>
            <full-stacktrace>
              <![CDATA[org.testng.SkipException: Skipping the test : OpenAccountTest as the Runmode of DataSet is No.
at com.w2a.utilities.DataUtil.checkExecution(DataUtil.java:20)
at com.w2a.suite.bankManager.testCases.OpenAccountTest.openAccountTest(OpenAccountTest.java:19)
at sun.reflect.NativeMethodAccessorImpl.invoke0(Native Method)
at sun.reflect.NativeMethodAccessorImpl.invoke(NativeMethodAccessorImpl.java:62)
at sun.reflect.DelegatingMethodAccessorImpl.invoke(DelegatingMethodAccessorImpl.java:43)
at java.lang.reflect.Method.invoke(Method.java:498)
at org.testng.internal.MethodInvocationHelper.invokeMethod(MethodInvocationHelper.java:133)
at org.testng.internal.TestInvoker.invokeMethod(TestInvoker.java:584)
at org.testng.internal.TestInvoker.invokeTestMethod(TestInvoker.java:172)
at org.testng.internal.MethodRunner.runInSequence(MethodRunner.java:46)
at org.testng.internal.TestInvoker$MethodInvocationAgent.invoke(TestInvoker.java:804)
at org.testng.internal.TestInvoker.invokeTestMethods(TestInvoker.java:145)
at org.testng.internal.TestMethodWorker.invokeTestMethods(TestMethodWorker.java:146)
at org.testng.internal.TestMethodWorker.run(TestMethodWorker.java:128)
at java.util.ArrayList.forEach(ArrayList.java:1257)
at org.testng.TestRunner.privateRun(TestRunner.java:770)
at org.testng.TestRunner.run(TestRunner.java:591)
at org.testng.SuiteRunner.runTest(SuiteRunner.java:402)
at org.testng.SuiteRunner.runSequentially(SuiteRunner.java:396)
at org.testng.SuiteRunner.privateRun(SuiteRunner.java:355)
at org.testng.SuiteRunner.run(SuiteRunner.java:304)
at org.testng.SuiteRunnerWorker.runSuite(SuiteRunnerWorker.java:53)
at org.testng.SuiteRunnerWorker.run(SuiteRunnerWorker.java:96)
at org.testng.TestNG.runSuitesSequentially(TestNG.java:1180)
at org.testng.TestNG.runSuitesSequentially(TestNG.java:1175)
at org.testng.TestNG.runSuitesLocally(TestNG.java:1102)
at org.testng.TestNG.runSuites(TestNG.java:1032)
at org.testng.TestNG.run(TestNG.java:1000)
at org.testng.remote.AbstractRemoteTestNG.run(AbstractRemoteTestNG.java:115)
at org.testng.remote.RemoteTestNG.initAndRun(RemoteTestNG.java:251)
at org.testng.remote.RemoteTestNG.main(RemoteTestNG.java:77)
]]>
            </full-stacktrace>
          </exception> <!-- org.testng.SkipException -->
          <reporter-output>
          </reporter-output>
        </test-method> <!-- openAccountTest -->
        <test-method status="PASS" signature="openAccountTest(java.util.Hashtable)[pri:0, instance:com.w2a.suite.bankManager.testCases.OpenAccountTest@1563da5]" name="openAccountTest" duration-ms="32" started-at="2019-12-16T21:27:23 IST" data-provider="bankManagerDP" finished-at="2019-12-16T21:27:23 IST">
          <params>
            <param index="0">
              <value>
                <![CDATA[{currency=Rupee, Runmode=Y, customer=manish k}]]>
              </value>
            </param>
          </params>
          <reporter-output>
          </reporter-output>
        </test-method> <!-- openAccountTest -->
        <test-method status="SKIP" signature="openAccountTest(java.util.Hashtable)[pri:0, instance:com.w2a.suite.bankManager.testCases.OpenAccountTest@1563da5]" name="openAccountTest" duration-ms="27" started-at="2019-12-16T21:27:23 IST" data-provider="bankManagerDP" finished-at="2019-12-16T21:27:23 IST">
          <params>
            <param index="0">
              <value>
                <![CDATA[{currency=Dollar, Runmode=N, customer=jyoti k}]]>
              </value>
            </param>
          </params>
          <exception class="org.testng.SkipException">
            <message>
              <![CDATA[Skipping the test : OpenAccountTest as the Runmode of DataSet is No.]]>
            </message>
            <full-stacktrace>
              <![CDATA[org.testng.SkipException: Skipping the test : OpenAccountTest as the Runmode of DataSet is No.
at com.w2a.utilities.DataUtil.checkExecution(DataUtil.java:20)
at com.w2a.suite.bankManager.testCases.OpenAccountTest.openAccountTest(OpenAccountTest.java:19)
at sun.reflect.NativeMethodAccessorImpl.invoke0(Native Method)
at sun.reflect.NativeMethodAccessorImpl.invoke(NativeMethodAccessorImpl.java:62)
at sun.reflect.DelegatingMethodAccessorImpl.invoke(DelegatingMethodAccessorImpl.java:43)
at java.lang.reflect.Method.invoke(Method.java:498)
at org.testng.internal.MethodInvocationHelper.invokeMethod(MethodInvocationHelper.java:133)
at org.testng.internal.TestInvoker.invokeMethod(TestInvoker.java:584)
at org.testng.internal.TestInvoker.invokeTestMethod(TestInvoker.java:172)
at org.testng.internal.MethodRunner.runInSequence(MethodRunner.java:46)
at org.testng.internal.TestInvoker$MethodInvocationAgent.invoke(TestInvoker.java:804)
at org.testng.internal.TestInvoker.invokeTestMethods(TestInvoker.java:145)
at org.testng.internal.TestMethodWorker.invokeTestMethods(TestMethodWorker.java:146)
at org.testng.internal.TestMethodWorker.run(TestMethodWorker.java:128)
at java.util.ArrayList.forEach(ArrayList.java:1257)
at org.testng.TestRunner.privateRun(TestRunner.java:770)
at org.testng.TestRunner.run(TestRunner.java:591)
at org.testng.SuiteRunner.runTest(SuiteRunner.java:402)
at org.testng.SuiteRunner.runSequentially(SuiteRunner.java:396)
at org.testng.SuiteRunner.privateRun(SuiteRunner.java:355)
at org.testng.SuiteRunner.run(SuiteRunner.java:304)
at org.testng.SuiteRunnerWorker.runSuite(SuiteRunnerWorker.java:53)
at org.testng.SuiteRunnerWorker.run(SuiteRunnerWorker.java:96)
at org.testng.TestNG.runSuitesSequentially(TestNG.java:1180)
at org.testng.TestNG.runSuitesSequentially(TestNG.java:1175)
at org.testng.TestNG.runSuitesLocally(TestNG.java:1102)
at org.testng.TestNG.runSuites(TestNG.java:1032)
at org.testng.TestNG.run(TestNG.java:1000)
at org.testng.remote.AbstractRemoteTestNG.run(AbstractRemoteTestNG.java:115)
at org.testng.remote.RemoteTestNG.initAndRun(RemoteTestNG.java:251)
at org.testng.remote.RemoteTestNG.main(RemoteTestNG.java:77)
]]>
            </full-stacktrace>
          </exception> <!-- org.testng.SkipException -->
          <reporter-output>
          </reporter-output>
        </test-method> <!-- openAccountTest -->
      </class> <!-- com.w2a.suite.bankManager.testCases.OpenAccountTest -->
    </test> <!-- OpenAccounttest -->
  </suite> <!-- BankManagerSuite -->
  <suite name="CustomerSuite" duration-ms="151" started-at="2019-12-16T21:27:23 IST" finished-at="2019-12-16T21:27:24 IST">
    <groups>
    </groups>
    <test name="AddCustomertest" duration-ms="69" started-at="2019-12-16T21:27:23 IST" finished-at="2019-12-16T21:27:24 IST">
      <class name="com.w2a.suite.customer.testCases.AddCustomerTest">
        <test-method status="PASS" signature="addCustomerTest(java.util.Hashtable)[pri:0, instance:com.w2a.suite.customer.testCases.AddCustomerTest@17d677df]" name="addCustomerTest" duration-ms="26" started-at="2019-12-16T21:27:23 IST" data-provider="customerDP" finished-at="2019-12-16T21:27:23 IST">
          <params>
            <param index="0">
              <value>
                <![CDATA[{postcode=P6767, Runmode=Y, lastname=k, firstname=manish}]]>
              </value>
            </param>
          </params>
          <reporter-output>
          </reporter-output>
        </test-method> <!-- addCustomerTest -->
        <test-method status="PASS" signature="addCustomerTest(java.util.Hashtable)[pri:0, instance:com.w2a.suite.customer.testCases.AddCustomerTest@17d677df]" name="addCustomerTest" duration-ms="26" started-at="2019-12-16T21:27:24 IST" data-provider="customerDP" finished-at="2019-12-16T21:27:24 IST">
          <params>
            <param index="0">
              <value>
                <![CDATA[{postcode=X7878, Runmode=Y, lastname=k, firstname=jyoti}]]>
              </value>
            </param>
          </params>
          <reporter-output>
          </reporter-output>
        </test-method> <!-- addCustomerTest -->
      </class> <!-- com.w2a.suite.customer.testCases.AddCustomerTest -->
    </test> <!-- AddCustomertest -->
    <test name="OpenAccounttest" duration-ms="61" started-at="2019-12-16T21:27:24 IST" finished-at="2019-12-16T21:27:24 IST">
      <class name="com.w2a.suite.customer.testCases.OpenAccountTest">
        <test-method status="SKIP" signature="openAccountTest(java.util.Hashtable)[pri:0, instance:com.w2a.suite.customer.testCases.OpenAccountTest@480bdb19]" name="openAccountTest" duration-ms="23" started-at="2019-12-16T21:27:24 IST" data-provider="customerDP" finished-at="2019-12-16T21:27:24 IST">
          <params>
            <param index="0">
              <value>
                <![CDATA[{currency=Rupee, Runmode=N, customer=manish k}]]>
              </value>
            </param>
          </params>
          <exception class="org.testng.SkipException">
            <message>
              <![CDATA[Skipping the test : OpenAccountTest as the Runmode of DataSet is No.]]>
            </message>
            <full-stacktrace>
              <![CDATA[org.testng.SkipException: Skipping the test : OpenAccountTest as the Runmode of DataSet is No.
at com.w2a.utilities.DataUtil.checkExecution(DataUtil.java:20)
at com.w2a.suite.customer.testCases.OpenAccountTest.openAccountTest(OpenAccountTest.java:25)
at sun.reflect.NativeMethodAccessorImpl.invoke0(Native Method)
at sun.reflect.NativeMethodAccessorImpl.invoke(NativeMethodAccessorImpl.java:62)
at sun.reflect.DelegatingMethodAccessorImpl.invoke(DelegatingMethodAccessorImpl.java:43)
at java.lang.reflect.Method.invoke(Method.java:498)
at org.testng.internal.MethodInvocationHelper.invokeMethod(MethodInvocationHelper.java:133)
at org.testng.internal.TestInvoker.invokeMethod(TestInvoker.java:584)
at org.testng.internal.TestInvoker.invokeTestMethod(TestInvoker.java:172)
at org.testng.internal.MethodRunner.runInSequence(MethodRunner.java:46)
at org.testng.internal.TestInvoker$MethodInvocationAgent.invoke(TestInvoker.java:804)
at org.testng.internal.TestInvoker.invokeTestMethods(TestInvoker.java:145)
at org.testng.internal.TestMethodWorker.invokeTestMethods(TestMethodWorker.java:146)
at org.testng.internal.TestMethodWorker.run(TestMethodWorker.java:128)
at java.util.ArrayList.forEach(ArrayList.java:1257)
at org.testng.TestRunner.privateRun(TestRunner.java:770)
at org.testng.TestRunner.run(TestRunner.java:591)
at org.testng.SuiteRunner.runTest(SuiteRunner.java:402)
at org.testng.SuiteRunner.runSequentially(SuiteRunner.java:396)
at org.testng.SuiteRunner.privateRun(SuiteRunner.java:355)
at org.testng.SuiteRunner.run(SuiteRunner.java:304)
at org.testng.SuiteRunnerWorker.runSuite(SuiteRunnerWorker.java:53)
at org.testng.SuiteRunnerWorker.run(SuiteRunnerWorker.java:96)
at org.testng.TestNG.runSuitesSequentially(TestNG.java:1180)
at org.testng.TestNG.runSuitesSequentially(TestNG.java:1175)
at org.testng.TestNG.runSuitesLocally(TestNG.java:1102)
at org.testng.TestNG.runSuites(TestNG.java:1032)
at org.testng.TestNG.run(TestNG.java:1000)
at org.testng.remote.AbstractRemoteTestNG.run(AbstractRemoteTestNG.java:115)
at org.testng.remote.RemoteTestNG.initAndRun(RemoteTestNG.java:251)
at org.testng.remote.RemoteTestNG.main(RemoteTestNG.java:77)
]]>
            </full-stacktrace>
          </exception> <!-- org.testng.SkipException -->
          <reporter-output>
          </reporter-output>
        </test-method> <!-- openAccountTest -->
        <test-method status="SKIP" signature="openAccountTest(java.util.Hashtable)[pri:0, instance:com.w2a.suite.customer.testCases.OpenAccountTest@480bdb19]" name="openAccountTest" duration-ms="20" started-at="2019-12-16T21:27:24 IST" data-provider="customerDP" finished-at="2019-12-16T21:27:24 IST">
          <params>
            <param index="0">
              <value>
                <![CDATA[{currency=Dollar, Runmode=N, customer=jyoti k}]]>
              </value>
            </param>
          </params>
          <exception class="org.testng.SkipException">
            <message>
              <![CDATA[Skipping the test : OpenAccountTest as the Runmode of DataSet is No.]]>
            </message>
            <full-stacktrace>
              <![CDATA[org.testng.SkipException: Skipping the test : OpenAccountTest as the Runmode of DataSet is No.
at com.w2a.utilities.DataUtil.checkExecution(DataUtil.java:20)
at com.w2a.suite.customer.testCases.OpenAccountTest.openAccountTest(OpenAccountTest.java:25)
at sun.reflect.NativeMethodAccessorImpl.invoke0(Native Method)
at sun.reflect.NativeMethodAccessorImpl.invoke(NativeMethodAccessorImpl.java:62)
at sun.reflect.DelegatingMethodAccessorImpl.invoke(DelegatingMethodAccessorImpl.java:43)
at java.lang.reflect.Method.invoke(Method.java:498)
at org.testng.internal.MethodInvocationHelper.invokeMethod(MethodInvocationHelper.java:133)
at org.testng.internal.TestInvoker.invokeMethod(TestInvoker.java:584)
at org.testng.internal.TestInvoker.invokeTestMethod(TestInvoker.java:172)
at org.testng.internal.MethodRunner.runInSequence(MethodRunner.java:46)
at org.testng.internal.TestInvoker$MethodInvocationAgent.invoke(TestInvoker.java:804)
at org.testng.internal.TestInvoker.invokeTestMethods(TestInvoker.java:145)
at org.testng.internal.TestMethodWorker.invokeTestMethods(TestMethodWorker.java:146)
at org.testng.internal.TestMethodWorker.run(TestMethodWorker.java:128)
at java.util.ArrayList.forEach(ArrayList.java:1257)
at org.testng.TestRunner.privateRun(TestRunner.java:770)
at org.testng.TestRunner.run(TestRunner.java:591)
at org.testng.SuiteRunner.runTest(SuiteRunner.java:402)
at org.testng.SuiteRunner.runSequentially(SuiteRunner.java:396)
at org.testng.SuiteRunner.privateRun(SuiteRunner.java:355)
at org.testng.SuiteRunner.run(SuiteRunner.java:304)
at org.testng.SuiteRunnerWorker.runSuite(SuiteRunnerWorker.java:53)
at org.testng.SuiteRunnerWorker.run(SuiteRunnerWorker.java:96)
at org.testng.TestNG.runSuitesSequentially(TestNG.java:1180)
at org.testng.TestNG.runSuitesSequentially(TestNG.java:1175)
at org.testng.TestNG.runSuitesLocally(TestNG.java:1102)
at org.testng.TestNG.runSuites(TestNG.java:1032)
at org.testng.TestNG.run(TestNG.java:1000)
at org.testng.remote.AbstractRemoteTestNG.run(AbstractRemoteTestNG.java:115)
at org.testng.remote.RemoteTestNG.initAndRun(RemoteTestNG.java:251)
at org.testng.remote.RemoteTestNG.main(RemoteTestNG.java:77)
]]>
            </full-stacktrace>
          </exception> <!-- org.testng.SkipException -->
          <reporter-output>
          </reporter-output>
        </test-method> <!-- openAccountTest -->
      </class> <!-- com.w2a.suite.customer.testCases.OpenAccountTest -->
    </test> <!-- OpenAccounttest -->
  </suite> <!-- CustomerSuite -->
  <suite name="MasterSuite" duration-ms="0" started-at="2019-12-16T21:27:24 IST" finished-at="2019-12-16T21:27:24 IST">
    <groups>
    </groups>
  </suite> <!-- MasterSuite -->
</testng-results>
